<?xml version="1.0" encoding="UTF-8"?>
<testsuite xmlns:xsi="http://www.w3.org/2001/XMLSchema-instance" xsi:noNamespaceSchemaLocation="https://maven.apache.org/surefire/maven-surefire-plugin/xsd/surefire-test-report-3.0.xsd" version="3.0" name="com.idp.pipeline.eventrouter.EventRouterIdempotencyTest" time="0.171" tests="5" errors="0" skipped="0" failures="0">
  <properties>
[...]
</properties>
  <testcase name="invalidS3KeyFormat_isSkipped_gracefully" classname="com.idp.pipeline.eventrouter.EventRouterIdempotencyTest" time="0.135">
    <system-err><![CDATA[apr 18, 2026 11:31:54 AM com.idp.pipeline.eventrouter.EventRouterHandler handleRequest
AVVERTENZA: Unexpected S3 key format (expected tenant_id/document_id): no-slash-key
]]></system-err>
  </testcase>
  <testcase name="secondEvent_skipsExecution_whenActiveExecutionAlreadyExists" classname="com.idp.pipeline.eventrouter.EventRouterIdempotencyTest" time="0.023">
    <system-err><![CDATA[apr 18, 2026 11:31:54 AM com.idp.pipeline.eventrouter.EventRouterHandler handleRequest
INFORMAZIONI: Processing S3 event: bucket=my-bucket key=tenant1/doc-abc tenantId=tenant1 documentId=doc-abc
apr 18, 2026 11:31:54 AM com.idp.pipeline.eventrouter.EventRouterHandler handleRequest
INFORMAZIONI: Step Functions execution started for documentId=doc-abc
apr 18, 2026 11:31:54 AM com.idp.pipeline.eventrouter.EventRouterHandler handleRequest
INFORMAZIONI: Processing S3 event: bucket=my-bucket key=tenant1/doc-abc tenantId=tenant1 documentId=doc-abc
apr 18, 2026 11:31:54 AM com.idp.pipeline.eventrouter.EventRouterHandler handleRequest
INFORMAZIONI: Skipping duplicate event — active execution already exists for documentId=doc-abc
]]></system-err>
  </testcase>
  <testcase name="onStepFunctionsFailure_sendsToDlq_andDoesNotThrow" classname="com.idp.pipeline.eventrouter.EventRouterIdempotencyTest" time="0.004">
    <system-err><![CDATA[apr 18, 2026 11:31:54 AM com.idp.pipeline.eventrouter.EventRouterHandler handleRequest
INFORMAZIONI: Processing S3 event: bucket=my-bucket key=tenant1/doc-fail tenantId=tenant1 documentId=doc-fail
apr 18, 2026 11:31:54 AM com.idp.pipeline.eventrouter.EventRouterHandler handleRequest
GRAVE: Failed to start Step Functions for documentId=doc-fail: SFN unavailable
]]></system-err>
  </testcase>
  <testcase name="twoDistinctDocuments_bothStartExecutions" classname="com.idp.pipeline.eventrouter.EventRouterIdempotencyTest" time="0.003">
    <system-err><![CDATA[apr 18, 2026 11:31:54 AM com.idp.pipeline.eventrouter.EventRouterHandler handleRequest
INFORMAZIONI: Processing S3 event: bucket=my-bucket key=tenant1/doc-001 tenantId=tenant1 documentId=doc-001
apr 18, 2026 11:31:54 AM com.idp.pipeline.eventrouter.EventRouterHandler handleRequest
INFORMAZIONI: Step Functions execution started for documentId=doc-001
apr 18, 2026 11:31:54 AM com.idp.pipeline.eventrouter.EventRouterHandler handleRequest
INFORMAZIONI: Processing S3 event: bucket=my-bucket key=tenant1/doc-002 tenantId=tenant1 documentId=doc-002
apr 18, 2026 11:31:54 AM com.idp.pipeline.eventrouter.EventRouterHandler handleRequest
INFORMAZIONI: Step Functions execution started for documentId=doc-002
]]></system-err>
  </testcase>
  <testcase name="firstEvent_startsExecution_whenNoActiveExecutionExists" classname="com.idp.pipeline.eventrouter.EventRouterIdempotencyTest" time="0.003">
    <system-err><![CDATA[apr 18, 2026 11:31:54 AM com.idp.pipeline.eventrouter.EventRouterHandler handleRequest
INFORMAZIONI: Processing S3 event: bucket=my-bucket key=tenant1/doc-abc tenantId=tenant1 documentId=doc-abc
apr 18, 2026 11:31:54 AM com.idp.pipeline.eventrouter.EventRouterHandler handleRequest
INFORMAZIONI: Step Functions execution started for documentId=doc-abc
]]></system-err>
  </testcase>
</testsuite>