<?xml version="1.0" encoding="UTF-8"?>
<testsuite xmlns:xsi="http://www.w3.org/2001/XMLSchema-instance" xsi:noNamespaceSchemaLocation="https://maven.apache.org/surefire/maven-surefire-plugin/xsd/surefire-test-report-3.0.xsd" version="3.0" name="com.idp.common.serialization.DocumentDTORoundTripProperties" time="0.691" tests="2" errors="0" skipped="0" failures="0">
  <properties>
[...]
</properties>
  <testcase name="Round-trip: serialize then deserialize ExtractedContent produces equal object" classname="com.idp.common.serialization.DocumentDTORoundTripProperties" time="0.461">
    <system-out><![CDATA[timestamp = 2026-04-11T11:01:56.147525, DocumentDTORoundTripProperties:Round-trip: serialize then deserialize ExtractedContent produces equal object = 
                              |-----------------------jqwik-----------------------
tries = 1000                  | # of calls to property
checks = 1000                 | # of not rejected calls
generation = RANDOMIZED       | parameters are randomly generated
after-failure = SAMPLE_FIRST  | try previously failed sample, then previous seed
when-fixed-seed = ALLOW       | fixing the random seed is allowed
edge-cases#mode = MIXIN       | edge cases are mixed in
edge-cases#total = 1000       | # of all combined edge cases
edge-cases#tried = 144        | # of edge cases tried in current run
seed = -4290343605999767638   | random seed to reproduce generated values


]]></system-out>
    <system-err><![CDATA[apr 11, 2026 11:01:55 AM net.jqwik.engine.properties.RandomizedShrinkablesGenerator logEdgeCasesOutnumberTriesIfApplicable
INFORMAZIONI: Edge case generation exceeds number of tries. Stopped after 1000 generated cases.
]]></system-err>
  </testcase>
  <testcase name="Round-trip: serialize then deserialize DocumentDTO produces equal object" classname="com.idp.common.serialization.DocumentDTORoundTripProperties" time="0.223">
    <system-out><![CDATA[timestamp = 2026-04-11T11:01:56.371643, DocumentDTORoundTripProperties:Round-trip: serialize then deserialize DocumentDTO produces equal object = 
                              |-----------------------jqwik-----------------------
tries = 1000                  | # of calls to property
checks = 1000                 | # of not rejected calls
generation = RANDOMIZED       | parameters are randomly generated
after-failure = SAMPLE_FIRST  | try previously failed sample, then previous seed
when-fixed-seed = ALLOW       | fixing the random seed is allowed
edge-cases#mode = MIXIN       | edge cases are mixed in
edge-cases#total = 1000       | # of all combined edge cases
edge-cases#tried = 165        | # of edge cases tried in current run
seed = 1245658610987696073    | random seed to reproduce generated values


]]></system-out>
    <system-err><![CDATA[apr 11, 2026 11:01:56 AM net.jqwik.engine.properties.RandomizedShrinkablesGenerator logEdgeCasesOutnumberTriesIfApplicable
INFORMAZIONI: Edge case generation exceeds number of tries. Stopped after 1000 generated cases.
]]></system-err>
  </testcase>
</testsuite>